<?xml version="1.0" encoding="UTF-8"?>
<testng-results skipped="0" failed="0" total="1" passed="1">
  <reporter-output>
  </reporter-output>
  <suite name="Default suite" duration-ms="42364" started-at="2019-06-02T06:38:34Z" finished-at="2019-06-02T06:39:16Z">
    <groups>
    </groups>
    <test name="Default test" duration-ms="42364" started-at="2019-06-02T06:38:34Z" finished-at="2019-06-02T06:39:16Z">
      <class name="gitHubTest.GitHubTest">
        <test-method status="PASS" signature="loginTest()[pri:0, instance:gitHubTest.GitHubTest@47f37ef1]" name="loginTest" duration-ms="42331" started-at="2019-06-02T12:08:34Z" finished-at="2019-06-02T12:09:16Z">
          <reporter-output>
          </reporter-output>
        </test-method> <!-- loginTest -->
      </class> <!-- gitHubTest.GitHubTest -->
    </test> <!-- Default test -->
  </suite> <!-- Default suite -->
</testng-results>
